+ ld obj/kern/kernel
+ mk obj/kern/kernel.img
444544 decimal is 1544200 octal!
Physical memory: 131072K available, base = 640K, extended = 130432K
check_page_free_list() succeeded!
check_page_alloc() succeeded!
check_page() succeeded!
check_kern_pgdir() succeeded!
check_page_free_list() succeeded!
check_page_installed_pgdir() succeeded!
SMP: CPU 0 found 1 CPU(s)
enabled interrupts: 1 2 4
[00000000] new env 00001000
[00000000] new env 00001001
FS is running
FS can do I/O
Device 1 presence: 1
UXSTACK alloc
i am parent environment 00001001
block cache is good
superblock is good
bitmap is good
[00001000] user panic in fs at fs/fs.c:65: alloc_block not implemented
Welcome to the JOS kernel monitor!
Type 'help' for a list of commands.
TRAP frame at 0xf03b3000 from CPU 0
  edi  0x00000000
  esi  0x00803a83
  ebp  0xeebfdf60
  oesp 0xefffffdc
  ebx  0xeebfdf74
  edx  0xeebfde18
  ecx  0x00000001
  eax  0x00000001
  es   0x----0023
  ds   0x----0023
  trap 0x00000003 Breakpoint
  err  0x00000000
  eip  0x00801847
  cs   0x----001b
  flag 0x00003282
  esp  0xeebfdf58
  ss   0x----0023
qemu: terminating on signal 15 from pid 42452
